Starting Dynare (version 5.4).
Calling Dynare with arguments: none
Starting preprocessing of the model file ...
Substitution of endo lags >= 2: added 1 auxiliary variables and equations.
Found 3 equation(s).
Evaluating expressions...done
Computing static model derivatives (order 1).
Computing dynamic model derivatives (order 2).
Processing outputs ...
done
Preprocessing completed.


STEADY-STATE RESULTS:

p                		 10
m                		 10

MODEL SUMMARY

  Number of variables:         3
  Number of stochastic shocks: 1
  Number of state variables:   3
  Number of jumpers:           1
  Number of static variables:  0


MATRIX OF COVARIANCE OF EXOGENOUS SHOCKS
Variables           u
u            0.100000

POLICY AND TRANSITION FUNCTIONS
                                   p               m
Constant                   10.000000       10.000000
m(-1)                       0.610879        0.900000
m(-2)                      -0.069958       -0.100000
p(-1)                       0.267949               0
u                           0.699583        1.000000


THEORETICAL MOMENTS
VARIABLE         MEAN  STD. DEV.   VARIANCE
p             10.0000     0.4885     0.2386
m             10.0000     0.5528     0.3056



MATRIX OF CORRELATIONS
Variables         p       m
p            1.0000  0.9889
m            0.9889  1.0000



COEFFICIENTS OF AUTOCORRELATION
Order          1       2       3       4       5
p         0.8810  0.7114  0.5571  0.4316  0.3331
m         0.8182  0.6364  0.4909  0.3782  0.2913
Total computing time : 0h00m01s
