Starting Dynare (version 5.4).
Calling Dynare with arguments: none
Starting preprocessing of the model file ...
Found 7 equation(s).
Evaluating expressions...done
Computing static model derivatives (order 1).
Computing dynamic model derivatives (order 1).
Processing outputs ...
done
Preprocessing completed.





Residuals of the static equations:

Equation number 1 : 2.0561 : 1
Equation number 2 : -0.017998 : 2
Equation number 3 : 0 : 3
Equation number 4 : 0 : y
Equation number 5 : -0.23322 : 5
Equation number 6 : 0 : k
Equation number 7 : 0 : lambda



STEADY-STATE RESULTS:

c      		 0.608031
i      		 0.165219
y      		 0.77325
k      		 6.60877
n      		 0.462478
e      		 0.666632
lambda 		 0

EIGENVALUES:
         Modulus             Real        Imaginary

          0.9457           0.9457                0
            0.95             0.95                0
           1.068            1.068                0
       9.468e+16       -9.468e+16                0


There are 2 eigenvalue(s) larger than 1 in modulus 
for 2 forward-looking variable(s)

The rank condition is verified.


MODEL SUMMARY

  Number of variables:         7
  Number of stochastic shocks: 1
  Number of state variables:   2
  Number of jumpers:           2
  Number of static variables:  3


MATRIX OF COVARIANCE OF EXOGENOUS SHOCKS
Variables           v
v            0.000086

POLICY AND TRANSITION FUNCTIONS
                                   c               i               y               k               n               e          lambda
Constant                    0.608031        0.165219        0.773250        6.608770        0.462478        0.666632               0
k(-1)                       0.047184       -0.029270        0.017914        0.945730       -0.005245       -0.013608               0
lambda(-1)                  0.245780        0.780062        1.025842        0.780062        0.088877        0.230598        0.950000
v                           0.258716        0.821118        1.079834        0.821118        0.093554        0.242735        1.000000


THEORETICAL MOMENTS
VARIABLE         MEAN  STD. DEV.   VARIANCE
c              0.6080     0.0214     0.0005
i              0.1652     0.0189     0.0004
y              0.7733     0.0363     0.0013
k              6.6088     0.3236     0.1047
n              0.4625     0.0020     0.0000
e              0.6666     0.0052     0.0000
lambda         0.0000     0.0296     0.0009



MATRIX OF CORRELATIONS
Variables         c       i       y       k       n       e  lambda
c            1.0000  0.6236  0.9134  0.9792  0.3752  0.3752  0.8612
i            0.6236  1.0000  0.8878  0.4518  0.9586  0.9586  0.9344
y            0.9134  0.8878  1.0000  0.8117  0.7201  0.7201  0.9935
k            0.9792  0.4518  0.8117  1.0000  0.1792  0.1792  0.7401
n            0.3752  0.9586  0.7201  0.1792  1.0000  1.0000  0.7943
e            0.3752  0.9586  0.7201  0.1792  1.0000  1.0000  0.7943
lambda       0.8612  0.9344  0.9935  0.7401  0.7943  0.7943  1.0000



COEFFICIENTS OF AUTOCORRELATION
Order          1       2       3       4       5
c         0.9933  0.9846  0.9741  0.9620  0.9486
i         0.9157  0.8374  0.7649  0.6976  0.6352
y         0.9614  0.9241  0.8881  0.8533  0.8198
k         0.9986  0.9946  0.9883  0.9800  0.9698
n         0.8995  0.8067  0.7211  0.6423  0.5698
e         0.8995  0.8067  0.7211  0.6423  0.5698
lambda    0.9500  0.9025  0.8574  0.8145  0.7738

MODEL SUMMARY

  Number of variables:         7
  Number of stochastic shocks: 1
  Number of state variables:   2
  Number of jumpers:           2
  Number of static variables:  3


MATRIX OF COVARIANCE OF EXOGENOUS SHOCKS
Variables           v
v            0.000086

POLICY AND TRANSITION FUNCTIONS
                                   c               i               y               k               n               e          lambda
Constant                    0.391783        0.106459        0.498242        4.258354        0.331942        0.598459               0
k(-1)                       0.046136       -0.032902        0.013234        0.942098       -0.009460       -0.020466               0
lambda(-1)                  0.029573        0.425374        0.454947        0.425374        0.086888        0.187981        0.510000
v                           0.057987        0.834066        0.892053        0.834066        0.170369        0.368589        1.000000


THEORETICAL MOMENTS
VARIABLE         MEAN  STD. DEV.   VARIANCE
c              0.3918     0.0023     0.0000
i              0.1065     0.0088     0.0001
y              0.4982     0.0097     0.0001
k              4.2584     0.0452     0.0020
n              0.3319     0.0018     0.0000
e              0.5985     0.0039     0.0000
lambda         0.0000     0.0108     0.0001



MATRIX OF CORRELATIONS
Variables         c       i       y       k       n       e  lambda
c            1.0000  0.2960  0.5031  0.9972  0.2297  0.2297  0.4501
i            0.2960  1.0000  0.9744  0.2241  0.9976  0.9976  0.9862
y            0.5031  0.9744  1.0000  0.4373  0.9567  0.9567  0.9982
k            0.9972  0.2241  0.4373  1.0000  0.1566  0.1566  0.3824
n            0.2297  0.9976  0.9567  0.1566  1.0000  1.0000  0.9725
e            0.2297  0.9976  0.9567  0.1566  1.0000  1.0000  0.9725
lambda       0.4501  0.9862  0.9982  0.3824  0.9725  0.9725  1.0000



COEFFICIENTS OF AUTOCORRELATION
Order           1        2        3        4        5
c          0.9705   0.9288   0.8824   0.8351   0.7886
i          0.4747   0.2089   0.0753   0.0089  -0.0232
y          0.5289   0.2876   0.1634   0.0992   0.0655
k          0.9808   0.9438   0.8992   0.8523   0.8056
n          0.4681   0.1993   0.0644  -0.0022  -0.0341
e          0.4681   0.1993   0.0644  -0.0022  -0.0341
lambda     0.5100   0.2601   0.1327   0.0677   0.0345
Total computing time : 0h00m09s
