Starting Dynare (version 5.4).
Calling Dynare with arguments: none
Starting preprocessing of the model file ...
Found 9 equation(s).
Evaluating expressions...done
Computing static model derivatives (order 1).
Computing dynamic model derivatives (order 1).
Processing outputs ...
done
Preprocessing completed.

[Warning: Some of the parameters have no value (B) when using steady. If these parameters are not initialized in a steadystate file or a
steady_state_model-block, Dynare may not be able to solve the model. Note that simul, perfect_foresight_setup, and perfect_foresight_solver do
not automatically call the steady state file.] 

STEADY-STATE RESULTS:

c             		 0.832039
w             		 2.3706
r             		 0.035101
y             		 1.11894
h             		 0.302084
k             		 11.476
i             		 0.286899
lambda        		 1
productividad 		 3.70406

EIGENVALUES:
         Modulus             Real        Imaginary

          0.9418           0.9418                0
            0.95             0.95                0
           1.073            1.073                0
       3.212e+16       -3.212e+16                0


There are 2 eigenvalue(s) larger than 1 in modulus 
for 2 forward-looking variable(s)

The rank condition is verified.


STEADY-STATE RESULTS:

c             		 0.832039
w             		 2.3706
r             		 0.035101
y             		 1.11894
h             		 0.302084
k             		 11.476
i             		 0.286899
lambda        		 1
productividad 		 3.70406

MODEL SUMMARY

  Number of variables:         9
  Number of stochastic shocks: 1
  Number of state variables:   2
  Number of jumpers:           2
  Number of static variables:  5


MATRIX OF COVARIANCE OF EXOGENOUS SHOCKS
Variables       varepsilon_a
varepsilon_a        0.000051

POLICY AND TRANSITION FUNCTIONS
                                   log(y)               log(c)               log(i)               log(k)               log(h)   log(productividad)
Constant                         0.112380            -0.183876            -1.248625             2.440254            -1.197049             1.309429
log(k(-1))                       0.054955             0.531588            -1.327334             0.941817            -0.476633             0.531588
log(lambda(-1))                  1.844648             0.446761             5.898676             0.147467             1.397887             0.446761
varepsilon_a                     1.941734             0.470274             6.209133             0.155228             1.471460             0.470274


THEORETICAL MOMENTS (HP filter, lambda = 1600)
VARIABLE                   MEAN  STD. DEV.   VARIANCE
log(y)                   0.1124     0.0180     0.0003
log(c)                  -0.1839     0.0052     0.0000
log(i)                  -1.2486     0.0576     0.0033
log(k)                   2.4403     0.0050     0.0000
log(h)                  -1.1970     0.0137     0.0002
log(productividad)       1.3094     0.0052     0.0000



MATRIX OF CORRELATIONS (HP filter, lambda = 1600)
Variables                         log(y)              log(c)              log(i)              log(k)              log(h)  log(productividad)
log(y)                            1.0000              0.8690              0.9914              0.3546              0.9820              0.8690
log(c)                            0.8690              1.0000              0.7969              0.7709              0.7598              1.0000
log(i)                            0.9914              0.7969              1.0000              0.2295              0.9982              0.7969
log(k)                            0.3546              0.7709              0.2295              1.0000              0.1716              0.7709
log(h)                            0.9820              0.7598              0.9982              0.1716              1.0000              0.7598
log(productividad)                0.8690              1.0000              0.7969              0.7709              0.7598              1.0000



COEFFICIENTS OF AUTOCORRELATION (HP filter, lambda = 1600)
Order                       1        2        3        4        5
log(y)                 0.7149   0.4737   0.2740   0.1128  -0.0136
log(c)                 0.8200   0.6395   0.4660   0.3052   0.1609
log(i)                 0.7047   0.4577   0.2555   0.0942  -0.0305
log(k)                 0.9581   0.8572   0.7181   0.5579   0.3902
log(h)                 0.7030   0.4549   0.2523   0.0910  -0.0334
log(productividad)     0.8200   0.6395   0.4660   0.3052   0.1609
Total computing time : 0h00m01s
Note: warning(s) encountered in MATLAB/Octave code
